build/app/intermediates/manifest_merge_blame_file/debug/manifest-merger-blame-debug-report.txt
1<?xml version="1.0" encoding="utf-8"?>
2<manifest xmlns:android="http://schemas.android.com/apk/res/android"
3    package="com.example.ezhealth_app"
4    android:versionCode="2"
5    android:versionName="2.0" >
6
7    <uses-sdk
8        android:minSdkVersion="21"
9        android:targetSdkVersion="30" />
10    <!--
11         The INTERNET permission is required for development. Specifically,
12         the Flutter tool needs it to communicate with the running application
13         to allow setting breakpoints, to provide hot reload, etc.
14    -->
15    <uses-permission android:name="android.permission.INTERNET" />
15-->src\debug\AndroidManifest.xml:7:5-66
15-->src\debug\AndroidManifest.xml:7:22-64
16    <uses-permission android:name="android.permission.WAKE_LOCK" />
16-->[:firebase_messaging] AndroidManifest.xml:10:5-68
16-->[:firebase_messaging] AndroidManifest.xml:10:22-65
17    <uses-permission android:name="android.permission.ACCESS_NETWORK_STATE" /> <!-- Permissions options for the `notification` group -->
17-->[:firebase_messaging] AndroidManifest.xml:11:5-79
17-->[:firebase_messaging] AndroidManifest.xml:11:22-76
18    <uses-permission android:name="android.permission.POST_NOTIFICATIONS" />
18-->[:firebase_messaging] AndroidManifest.xml:13:5-77
18-->[:firebase_messaging] AndroidManifest.xml:13:22-74
19
20    <queries>
20-->[com.razorpay:checkout:1.6.26] AndroidManifest.xml:11:5-37:15
21        <intent>
21-->[com.razorpay:checkout:1.6.26] AndroidManifest.xml:12:9-18:18
22            <action android:name="android.intent.action.VIEW" />
22-->[com.razorpay:checkout:1.6.26] AndroidManifest.xml:13:13-65
22-->[com.razorpay:checkout:1.6.26] AndroidManifest.xml:13:21-62
23
24            <data
24-->[com.razorpay:checkout:1.6.26] AndroidManifest.xml:15:13-17:38
25                android:mimeType="*/*"
25-->[com.razorpay:checkout:1.6.26] AndroidManifest.xml:16:17-39
26                android:scheme="*" />
26-->[com.razorpay:checkout:1.6.26] AndroidManifest.xml:17:17-35
27        </intent>
28        <intent>
28-->[com.razorpay:checkout:1.6.26] AndroidManifest.xml:19:9-28:18
29            <action android:name="android.intent.action.VIEW" />
29-->[com.razorpay:checkout:1.6.26] AndroidManifest.xml:13:13-65
29-->[com.razorpay:checkout:1.6.26] AndroidManifest.xml:13:21-62
30
31            <category android:name="android.intent.category.BROWSABLE" />
31-->[com.razorpay:checkout:1.6.26] AndroidManifest.xml:22:13-74
31-->[com.razorpay:checkout:1.6.26] AndroidManifest.xml:22:23-71
32
33            <data
33-->[com.razorpay:checkout:1.6.26] AndroidManifest.xml:15:13-17:38
34                android:host="pay"
35                android:mimeType="*/*"
35-->[com.razorpay:checkout:1.6.26] AndroidManifest.xml:16:17-39
36                android:scheme="upi" />
36-->[com.razorpay:checkout:1.6.26] AndroidManifest.xml:17:17-35
37        </intent>
38        <intent>
38-->[com.razorpay:checkout:1.6.26] AndroidManifest.xml:29:9-31:18
39            <action android:name="android.intent.action.MAIN" />
39-->[com.razorpay:checkout:1.6.26] AndroidManifest.xml:30:13-65
39-->[com.razorpay:checkout:1.6.26] AndroidManifest.xml:30:21-62
40        </intent>
41        <intent>
41-->[com.razorpay:checkout:1.6.26] AndroidManifest.xml:32:9-36:18
42            <action android:name="android.intent.action.SEND" />
42-->[com.razorpay:checkout:1.6.26] AndroidManifest.xml:33:13-65
42-->[com.razorpay:checkout:1.6.26] AndroidManifest.xml:33:21-62
43
44            <data android:mimeType="*/*" />
44-->[com.razorpay:checkout:1.6.26] AndroidManifest.xml:15:13-17:38
44-->[com.razorpay:checkout:1.6.26] AndroidManifest.xml:16:17-39
45        </intent>
46    </queries> <!-- Required by older versions of Google Play services to create IID tokens -->
47    <uses-permission android:name="com.google.android.c2dm.permission.RECEIVE" />
47-->[com.google.firebase:firebase-messaging:23.0.8] AndroidManifest.xml:29:5-82
47-->[com.google.firebase:firebase-messaging:23.0.8] AndroidManifest.xml:29:22-79
48
49    <uses-feature
49-->[com.google.android.gms:play-services-maps:17.0.0] AndroidManifest.xml:26:5-28:35
50        android:glEsVersion="0x00020000"
50-->[com.google.android.gms:play-services-maps:17.0.0] AndroidManifest.xml:27:9-41
51        android:required="true" />
51-->[com.google.android.gms:play-services-maps:17.0.0] AndroidManifest.xml:28:9-32
52
53    <application
54        android:name="android.app.Application"
55        android:appComponentFactory="androidx.core.app.CoreComponentFactory"
55-->[androidx.core:core:1.7.0] AndroidManifest.xml:24:18-86
56        android:debuggable="true"
57        android:icon="@mipmap/ic_launcher"
58        android:label="Doctor App" >
59        <activity
60            android:name="com.example.ezhealth_app.MainActivity"
61            android:configChanges="orientation|keyboardHidden|keyboard|screenSize|smallestScreenSize|locale|layoutDirection|fontScale|screenLayout|density|uiMode"
62            android:exported="true"
63            android:hardwareAccelerated="true"
64            android:launchMode="singleTop"
65            android:theme="@style/LaunchTheme"
66            android:windowSoftInputMode="adjustResize" >
67
68            <!--
69                 Specifies an Android theme to apply to this Activity as soon as
70                 the Android process has started. This theme is visible to the user
71                 while the Flutter UI initializes. After that, this theme continues
72                 to determine the Window background behind the Flutter UI.
73            -->
74            <meta-data
75                android:name="io.flutter.embedding.android.NormalTheme"
76                android:resource="@style/NormalTheme" />
77
78            <intent-filter>
79                <action android:name="android.intent.action.MAIN" />
79-->[com.razorpay:checkout:1.6.26] AndroidManifest.xml:30:13-65
79-->[com.razorpay:checkout:1.6.26] AndroidManifest.xml:30:21-62
80
81                <category android:name="android.intent.category.LAUNCHER" />
82            </intent-filter>
83        </activity>
84        <!--
85             Don't delete the meta-data below.
86             This is used by the Flutter tool to generate GeneratedPluginRegistrant.java
87        -->
88        <meta-data
89            android:name="flutterEmbedding"
90            android:value="2" />
91
92        <service
92-->[:firebase_database] AndroidManifest.xml:10:9-14:19
93            android:name="com.google.firebase.components.ComponentDiscoveryService"
93-->[:firebase_database] AndroidManifest.xml:10:18-89
94            android:directBootAware="true"
94-->[com.google.firebase:firebase-common:20.1.2] AndroidManifest.xml:35:13-43
95            android:exported="false" >
95-->[com.google.firebase:firebase-auth:21.0.8] AndroidManifest.xml:66:13-37
96            <meta-data
96-->[:firebase_database] AndroidManifest.xml:11:13-13:85
97                android:name="com.google.firebase.components:io.flutter.plugins.firebase.database.FlutterFirebaseAppRegistrar"
97-->[:firebase_database] AndroidManifest.xml:12:17-127
98                android:value="com.google.firebase.components.ComponentRegistrar" />
98-->[:firebase_database] AndroidManifest.xml:13:17-82
99            <meta-data
99-->[:firebase_auth] AndroidManifest.xml:11:13-13:85
100                android:name="com.google.firebase.components:io.flutter.plugins.firebase.auth.FlutterFirebaseAuthRegistrar"
100-->[:firebase_auth] AndroidManifest.xml:12:17-124
101                android:value="com.google.firebase.components.ComponentRegistrar" />
101-->[:firebase_auth] AndroidManifest.xml:13:17-82
102            <meta-data
102-->[:firebase_messaging] AndroidManifest.xml:38:13-40:85
103                android:name="com.google.firebase.components:io.flutter.plugins.firebase.messaging.FlutterFirebaseAppRegistrar"
103-->[:firebase_messaging] AndroidManifest.xml:39:17-128
104                android:value="com.google.firebase.components.ComponentRegistrar" />
104-->[:firebase_messaging] AndroidManifest.xml:40:17-82
105            <meta-data
105-->[:firebase_core] AndroidManifest.xml:11:13-13:85
106                android:name="com.google.firebase.components:io.flutter.plugins.firebase.core.FlutterFirebaseCoreRegistrar"
106-->[:firebase_core] AndroidManifest.xml:12:17-124
107                android:value="com.google.firebase.components.ComponentRegistrar" />
107-->[:firebase_core] AndroidManifest.xml:13:17-82
108            <meta-data
108-->[com.google.firebase:firebase-auth:21.0.8] AndroidManifest.xml:67:13-69:85
109                android:name="com.google.firebase.components:com.google.firebase.auth.FirebaseAuthRegistrar"
109-->[com.google.firebase:firebase-auth:21.0.8] AndroidManifest.xml:68:17-109
110                android:value="com.google.firebase.components.ComponentRegistrar" />
110-->[com.google.firebase:firebase-auth:21.0.8] AndroidManifest.xml:69:17-82
111            <meta-data
111-->[com.google.firebase:firebase-messaging:23.0.8] AndroidManifest.xml:56:13-58:85
112                android:name="com.google.firebase.components:com.google.firebase.messaging.FirebaseMessagingRegistrar"
112-->[com.google.firebase:firebase-messaging:23.0.8] AndroidManifest.xml:57:17-119
113                android:value="com.google.firebase.components.ComponentRegistrar" />
113-->[com.google.firebase:firebase-messaging:23.0.8] AndroidManifest.xml:58:17-82
114            <meta-data
114-->[com.google.firebase:firebase-database:20.0.6] AndroidManifest.xml:32:13-34:85
115                android:name="com.google.firebase.components:com.google.firebase.database.DatabaseRegistrar"
115-->[com.google.firebase:firebase-database:20.0.6] AndroidManifest.xml:33:17-109
116                android:value="com.google.firebase.components.ComponentRegistrar" />
116-->[com.google.firebase:firebase-database:20.0.6] AndroidManifest.xml:34:17-82
117            <meta-data
117-->[com.google.firebase:firebase-datatransport:18.1.6] AndroidManifest.xml:28:13-30:85
118                android:name="com.google.firebase.components:com.google.firebase.datatransport.TransportRegistrar"
118-->[com.google.firebase:firebase-datatransport:18.1.6] AndroidManifest.xml:29:17-115
119                android:value="com.google.firebase.components.ComponentRegistrar" />
119-->[com.google.firebase:firebase-datatransport:18.1.6] AndroidManifest.xml:30:17-82
120            <meta-data
120-->[com.google.firebase:firebase-installations:17.0.3] AndroidManifest.xml:18:13-20:85
121                android:name="com.google.firebase.components:com.google.firebase.installations.FirebaseInstallationsRegistrar"
121-->[com.google.firebase:firebase-installations:17.0.3] AndroidManifest.xml:19:17-127
122                android:value="com.google.firebase.components.ComponentRegistrar" />
122-->[com.google.firebase:firebase-installations:17.0.3] AndroidManifest.xml:20:17-82
123        </service>
124        <service
124-->[:firebase_messaging] AndroidManifest.xml:16:9-19:72
125            android:name="io.flutter.plugins.firebase.messaging.FlutterFirebaseMessagingBackgroundService"
125-->[:firebase_messaging] AndroidManifest.xml:17:13-107
126            android:exported="false"
126-->[:firebase_messaging] AndroidManifest.xml:18:13-37
127            android:permission="android.permission.BIND_JOB_SERVICE" />
127-->[:firebase_messaging] AndroidManifest.xml:19:13-69
128        <service
128-->[:firebase_messaging] AndroidManifest.xml:20:9-26:19
129            android:name="io.flutter.plugins.firebase.messaging.FlutterFirebaseMessagingService"
129-->[:firebase_messaging] AndroidManifest.xml:21:13-97
130            android:exported="false" >
130-->[:firebase_messaging] AndroidManifest.xml:22:13-37
131            <intent-filter>
131-->[:firebase_messaging] AndroidManifest.xml:23:13-25:29
132                <action android:name="com.google.firebase.MESSAGING_EVENT" />
132-->[:firebase_messaging] AndroidManifest.xml:24:17-78
132-->[:firebase_messaging] AndroidManifest.xml:24:25-75
133            </intent-filter>
134        </service>
135
136        <receiver
136-->[:firebase_messaging] AndroidManifest.xml:28:9-35:20
137            android:name="io.flutter.plugins.firebase.messaging.FlutterFirebaseMessagingReceiver"
137-->[:firebase_messaging] AndroidManifest.xml:29:13-98
138            android:exported="true"
138-->[:firebase_messaging] AndroidManifest.xml:30:13-36
139            android:permission="com.google.android.c2dm.permission.SEND" >
139-->[:firebase_messaging] AndroidManifest.xml:31:13-73
140            <intent-filter>
140-->[:firebase_messaging] AndroidManifest.xml:32:13-34:29
141                <action android:name="com.google.android.c2dm.intent.RECEIVE" />
141-->[:firebase_messaging] AndroidManifest.xml:33:17-81
141-->[:firebase_messaging] AndroidManifest.xml:33:25-78
142            </intent-filter>
143        </receiver>
144
145        <provider
145-->[:firebase_messaging] AndroidManifest.xml:43:9-47:38
146            android:name="io.flutter.plugins.firebase.messaging.FlutterFirebaseMessagingInitProvider"
146-->[:firebase_messaging] AndroidManifest.xml:44:13-102
147            android:authorities="com.example.ezhealth_app.flutterfirebasemessaginginitprovider"
147-->[:firebase_messaging] AndroidManifest.xml:45:13-88
148            android:exported="false"
148-->[:firebase_messaging] AndroidManifest.xml:46:13-37
149            android:initOrder="99" />
149-->[:firebase_messaging] AndroidManifest.xml:47:13-35
150
151        <activity
151-->[:url_launcher_android] AndroidManifest.xml:10:9-13:74
152            android:name="io.flutter.plugins.urllauncher.WebViewActivity"
152-->[:url_launcher_android] AndroidManifest.xml:11:13-74
153            android:exported="false"
153-->[:url_launcher_android] AndroidManifest.xml:12:13-37
154            android:theme="@android:style/Theme.NoTitleBar.Fullscreen" />
154-->[:url_launcher_android] AndroidManifest.xml:13:13-71
155
156        <receiver
156-->[com.razorpay:checkout:1.6.26] AndroidManifest.xml:40:9-46:20
157            android:name="com.razorpay.RzpTokenReceiver"
157-->[com.razorpay:checkout:1.6.26] AndroidManifest.xml:41:13-57
158            android:exported="false" >
158-->[com.razorpay:checkout:1.6.26] AndroidManifest.xml:42:13-37
159            <intent-filter>
159-->[com.razorpay:checkout:1.6.26] AndroidManifest.xml:43:13-45:29
160                <action android:name="rzp.device_token.share" />
160-->[com.razorpay:checkout:1.6.26] AndroidManifest.xml:44:17-65
160-->[com.razorpay:checkout:1.6.26] AndroidManifest.xml:44:25-62
161            </intent-filter>
162        </receiver>
163
164        <activity
164-->[com.razorpay:checkout:1.6.26] AndroidManifest.xml:48:9-60:20
165            android:name="com.razorpay.CheckoutActivity"
165-->[com.razorpay:checkout:1.6.26] AndroidManifest.xml:49:13-57
166            android:configChanges="keyboard|keyboardHidden|orientation|screenSize"
166-->[com.razorpay:checkout:1.6.26] AndroidManifest.xml:50:13-83
167            android:exported="true"
167-->[com.razorpay:checkout:1.6.26] AndroidManifest.xml:51:13-36
168            android:theme="@style/CheckoutTheme" >
168-->[com.razorpay:checkout:1.6.26] AndroidManifest.xml:52:13-49
169            <intent-filter>
169-->[com.razorpay:checkout:1.6.26] AndroidManifest.xml:53:13-59:29
170                <action android:name="android.intent.action.MAIN" />
170-->[com.razorpay:checkout:1.6.26] AndroidManifest.xml:30:13-65
170-->[com.razorpay:checkout:1.6.26] AndroidManifest.xml:30:21-62
171
172                <data
172-->[com.razorpay:checkout:1.6.26] AndroidManifest.xml:15:13-17:38
173                    android:host="rzp.io"
174                    android:scheme="io.rzp" />
174-->[com.razorpay:checkout:1.6.26] AndroidManifest.xml:17:17-35
175            </intent-filter>
176        </activity>
177
178        <meta-data
178-->[com.razorpay:checkout:1.6.26] AndroidManifest.xml:62:9-64:58
179            android:name="com.razorpay.plugin.googlepay_all"
179-->[com.razorpay:checkout:1.6.26] AndroidManifest.xml:63:13-61
180            android:value="com.razorpay.RzpGpayMerged" />
180-->[com.razorpay:checkout:1.6.26] AndroidManifest.xml:64:13-55
181
182        <uses-library
182-->[androidx.window:window:1.0.0-beta04] AndroidManifest.xml:25:9-27:40
183            android:name="androidx.window.extensions"
183-->[androidx.window:window:1.0.0-beta04] AndroidManifest.xml:26:13-54
184            android:required="false" />
184-->[androidx.window:window:1.0.0-beta04] AndroidManifest.xml:27:13-37
185        <uses-library
185-->[androidx.window:window:1.0.0-beta04] AndroidManifest.xml:28:9-30:40
186            android:name="androidx.window.sidecar"
186-->[androidx.window:window:1.0.0-beta04] AndroidManifest.xml:29:13-51
187            android:required="false" />
187-->[androidx.window:window:1.0.0-beta04] AndroidManifest.xml:30:13-37
188
189        <activity
189-->[com.google.firebase:firebase-auth:21.0.8] AndroidManifest.xml:27:9-44:20
190            android:name="com.google.firebase.auth.internal.GenericIdpActivity"
190-->[com.google.firebase:firebase-auth:21.0.8] AndroidManifest.xml:28:13-80
191            android:excludeFromRecents="true"
191-->[com.google.firebase:firebase-auth:21.0.8] AndroidManifest.xml:29:13-46
192            android:exported="true"
192-->[com.google.firebase:firebase-auth:21.0.8] AndroidManifest.xml:30:13-36
193            android:launchMode="singleTask"
193-->[com.google.firebase:firebase-auth:21.0.8] AndroidManifest.xml:31:13-44
194            android:theme="@android:style/Theme.Translucent.NoTitleBar" >
194-->[com.google.firebase:firebase-auth:21.0.8] AndroidManifest.xml:32:13-72
195            <intent-filter>
195-->[com.google.firebase:firebase-auth:21.0.8] AndroidManifest.xml:33:13-43:29
196                <action android:name="android.intent.action.VIEW" />
196-->[com.razorpay:checkout:1.6.26] AndroidManifest.xml:13:13-65
196-->[com.razorpay:checkout:1.6.26] AndroidManifest.xml:13:21-62
197
198                <category android:name="android.intent.category.DEFAULT" />
198-->[com.google.firebase:firebase-auth:21.0.8] AndroidManifest.xml:36:17-76
198-->[com.google.firebase:firebase-auth:21.0.8] AndroidManifest.xml:36:27-73
199                <category android:name="android.intent.category.BROWSABLE" />
199-->[com.razorpay:checkout:1.6.26] AndroidManifest.xml:22:13-74
199-->[com.razorpay:checkout:1.6.26] AndroidManifest.xml:22:23-71
200
201                <data
201-->[com.razorpay:checkout:1.6.26] AndroidManifest.xml:15:13-17:38
202                    android:host="firebase.auth"
203                    android:path="/"
204                    android:scheme="genericidp" />
204-->[com.razorpay:checkout:1.6.26] AndroidManifest.xml:17:17-35
205            </intent-filter>
206        </activity>
207        <activity
207-->[com.google.firebase:firebase-auth:21.0.8] AndroidManifest.xml:45:9-62:20
208            android:name="com.google.firebase.auth.internal.RecaptchaActivity"
208-->[com.google.firebase:firebase-auth:21.0.8] AndroidManifest.xml:46:13-79
209            android:excludeFromRecents="true"
209-->[com.google.firebase:firebase-auth:21.0.8] AndroidManifest.xml:47:13-46
210            android:exported="true"
210-->[com.google.firebase:firebase-auth:21.0.8] AndroidManifest.xml:48:13-36
211            android:launchMode="singleTask"
211-->[com.google.firebase:firebase-auth:21.0.8] AndroidManifest.xml:49:13-44
212            android:theme="@android:style/Theme.Translucent.NoTitleBar" >
212-->[com.google.firebase:firebase-auth:21.0.8] AndroidManifest.xml:50:13-72
213            <intent-filter>
213-->[com.google.firebase:firebase-auth:21.0.8] AndroidManifest.xml:51:13-61:29
214                <action android:name="android.intent.action.VIEW" />
214-->[com.razorpay:checkout:1.6.26] AndroidManifest.xml:13:13-65
214-->[com.razorpay:checkout:1.6.26] AndroidManifest.xml:13:21-62
215
216                <category android:name="android.intent.category.DEFAULT" />
216-->[com.google.firebase:firebase-auth:21.0.8] AndroidManifest.xml:36:17-76
216-->[com.google.firebase:firebase-auth:21.0.8] AndroidManifest.xml:36:27-73
217                <category android:name="android.intent.category.BROWSABLE" />
217-->[com.razorpay:checkout:1.6.26] AndroidManifest.xml:22:13-74
217-->[com.razorpay:checkout:1.6.26] AndroidManifest.xml:22:23-71
218
219                <data
219-->[com.razorpay:checkout:1.6.26] AndroidManifest.xml:15:13-17:38
220                    android:host="firebase.auth"
221                    android:path="/"
222                    android:scheme="recaptcha" />
222-->[com.razorpay:checkout:1.6.26] AndroidManifest.xml:17:17-35
223            </intent-filter>
224        </activity>
225
226        <receiver
226-->[com.google.firebase:firebase-messaging:23.0.8] AndroidManifest.xml:32:9-39:20
227            android:name="com.google.firebase.iid.FirebaseInstanceIdReceiver"
227-->[com.google.firebase:firebase-messaging:23.0.8] AndroidManifest.xml:33:13-78
228            android:exported="true"
228-->[com.google.firebase:firebase-messaging:23.0.8] AndroidManifest.xml:34:13-36
229            android:permission="com.google.android.c2dm.permission.SEND" >
229-->[com.google.firebase:firebase-messaging:23.0.8] AndroidManifest.xml:35:13-73
230            <intent-filter>
230-->[:firebase_messaging] AndroidManifest.xml:32:13-34:29
231                <action android:name="com.google.android.c2dm.intent.RECEIVE" />
231-->[:firebase_messaging] AndroidManifest.xml:33:17-81
231-->[:firebase_messaging] AndroidManifest.xml:33:25-78
232            </intent-filter>
233        </receiver>
234        <!--
235             FirebaseMessagingService performs security checks at runtime,
236             but set to not exported to explicitly avoid allowing another app to call it.
237        -->
238        <service
238-->[com.google.firebase:firebase-messaging:23.0.8] AndroidManifest.xml:45:9-52:19
239            android:name="com.google.firebase.messaging.FirebaseMessagingService"
239-->[com.google.firebase:firebase-messaging:23.0.8] AndroidManifest.xml:46:13-82
240            android:directBootAware="true"
240-->[com.google.firebase:firebase-messaging:23.0.8] AndroidManifest.xml:47:13-43
241            android:exported="false" >
241-->[com.google.firebase:firebase-messaging:23.0.8] AndroidManifest.xml:48:13-37
242            <intent-filter android:priority="-500" >
242-->[:firebase_messaging] AndroidManifest.xml:23:13-25:29
243                <action android:name="com.google.firebase.MESSAGING_EVENT" />
243-->[:firebase_messaging] AndroidManifest.xml:24:17-78
243-->[:firebase_messaging] AndroidManifest.xml:24:25-75
244            </intent-filter>
245        </service>
246
247        <provider
247-->[com.google.firebase:firebase-common:20.1.2] AndroidManifest.xml:26:9-31:39
248            android:name="com.google.firebase.provider.FirebaseInitProvider"
248-->[com.google.firebase:firebase-common:20.1.2] AndroidManifest.xml:27:13-77
249            android:authorities="com.example.ezhealth_app.firebaseinitprovider"
249-->[com.google.firebase:firebase-common:20.1.2] AndroidManifest.xml:28:13-72
250            android:directBootAware="true"
250-->[com.google.firebase:firebase-common:20.1.2] AndroidManifest.xml:29:13-43
251            android:exported="false"
251-->[com.google.firebase:firebase-common:20.1.2] AndroidManifest.xml:30:13-37
252            android:initOrder="100" />
252-->[com.google.firebase:firebase-common:20.1.2] AndroidManifest.xml:31:13-36
253
254        <activity
254-->[com.google.android.gms:play-services-auth:17.0.0] AndroidManifest.xml:23:9-27:75
255            android:name="com.google.android.gms.auth.api.signin.internal.SignInHubActivity"
255-->[com.google.android.gms:play-services-auth:17.0.0] AndroidManifest.xml:24:13-93
256            android:excludeFromRecents="true"
256-->[com.google.android.gms:play-services-auth:17.0.0] AndroidManifest.xml:25:13-46
257            android:exported="false"
257-->[com.google.android.gms:play-services-auth:17.0.0] AndroidManifest.xml:26:13-37
258            android:theme="@android:style/Theme.Translucent.NoTitleBar" />
258-->[com.google.android.gms:play-services-auth:17.0.0] AndroidManifest.xml:27:13-72
259        <!--
260            Service handling Google Sign-In user revocation. For apps that do not integrate with
261            Google Sign-In, this service will never be started.
262        -->
263        <service
263-->[com.google.android.gms:play-services-auth:17.0.0] AndroidManifest.xml:33:9-36:110
264            android:name="com.google.android.gms.auth.api.signin.RevocationBoundService"
264-->[com.google.android.gms:play-services-auth:17.0.0] AndroidManifest.xml:34:13-89
265            android:exported="true"
265-->[com.google.android.gms:play-services-auth:17.0.0] AndroidManifest.xml:35:13-36
266            android:permission="com.google.android.gms.auth.api.signin.permission.REVOCATION_NOTIFICATION" /> <!-- Needs to be explicitly declared on P+ -->
266-->[com.google.android.gms:play-services-auth:17.0.0] AndroidManifest.xml:36:13-107
267        <uses-library
267-->[com.google.android.gms:play-services-maps:17.0.0] AndroidManifest.xml:33:9-35:40
268            android:name="org.apache.http.legacy"
268-->[com.google.android.gms:play-services-maps:17.0.0] AndroidManifest.xml:34:13-50
269            android:required="false" />
269-->[com.google.android.gms:play-services-maps:17.0.0] AndroidManifest.xml:35:13-37
270
271        <activity
271-->[com.google.android.gms:play-services-base:18.0.1] AndroidManifest.xml:20:9-22:45
272            android:name="com.google.android.gms.common.api.GoogleApiActivity"
272-->[com.google.android.gms:play-services-base:18.0.1] AndroidManifest.xml:20:19-85
273            android:exported="false"
273-->[com.google.android.gms:play-services-base:18.0.1] AndroidManifest.xml:22:19-43
274            android:theme="@android:style/Theme.Translucent.NoTitleBar" />
274-->[com.google.android.gms:play-services-base:18.0.1] AndroidManifest.xml:21:19-78
275
276        <meta-data
276-->[com.google.android.gms:play-services-basement:18.1.0] AndroidManifest.xml:21:9-23:69
277            android:name="com.google.android.gms.version"
277-->[com.google.android.gms:play-services-basement:18.1.0] AndroidManifest.xml:22:13-58
278            android:value="@integer/google_play_services_version" />
278-->[com.google.android.gms:play-services-basement:18.1.0] AndroidManifest.xml:23:13-66
279
280        <service
280-->[com.google.android.datatransport:transport-backend-cct:3.1.7] AndroidManifest.xml:29:9-35:19
281            android:name="com.google.android.datatransport.runtime.backends.TransportBackendDiscovery"
281-->[com.google.android.datatransport:transport-backend-cct:3.1.7] AndroidManifest.xml:30:13-103
282            android:exported="false" >
282-->[com.google.android.datatransport:transport-backend-cct:3.1.7] AndroidManifest.xml:31:13-37
283            <meta-data
283-->[com.google.android.datatransport:transport-backend-cct:3.1.7] AndroidManifest.xml:32:13-34:39
284                android:name="backend:com.google.android.datatransport.cct.CctBackendFactory"
284-->[com.google.android.datatransport:transport-backend-cct:3.1.7] AndroidManifest.xml:33:17-94
285                android:value="cct" />
285-->[com.google.android.datatransport:transport-backend-cct:3.1.7] AndroidManifest.xml:34:17-36
286        </service>
287        <service
287-->[com.google.android.datatransport:transport-runtime:3.1.7] AndroidManifest.xml:26:9-30:19
288            android:name="com.google.android.datatransport.runtime.scheduling.jobscheduling.JobInfoSchedulerService"
288-->[com.google.android.datatransport:transport-runtime:3.1.7] AndroidManifest.xml:27:13-117
289            android:exported="false"
289-->[com.google.android.datatransport:transport-runtime:3.1.7] AndroidManifest.xml:28:13-37
290            android:permission="android.permission.BIND_JOB_SERVICE" >
290-->[com.google.android.datatransport:transport-runtime:3.1.7] AndroidManifest.xml:29:13-69
291        </service>
292
293        <receiver
293-->[com.google.android.datatransport:transport-runtime:3.1.7] AndroidManifest.xml:32:9-34:40
294            android:name="com.google.android.datatransport.runtime.scheduling.jobscheduling.AlarmManagerSchedulerBroadcastReceiver"
294-->[com.google.android.datatransport:transport-runtime:3.1.7] AndroidManifest.xml:33:13-132
295            android:exported="false" />
295-->[com.google.android.datatransport:transport-runtime:3.1.7] AndroidManifest.xml:34:13-37
296    </application>
297
298</manifest>